<?xml version="1.0" encoding="UTF-8"?>
<!-- Generated by org.testng.reporters.JUnitReportReporter -->
<testsuite hostname="LAPTOP-J9NP8KBK" failures="0" tests="1" name="APIAutoamtion.APITest.FirstAPI" time="4.224" errors="0" timestamp="2022-04-22T21:10:05 SGT" skipped="0">
  <testcase classname="APIAutoamtion.APITest.FirstAPI" name="TestAPI" time="4.224"/>
  <system-out/>
</testsuite> <!-- APIAutoamtion.APITest.FirstAPI -->
